[2024-12-20 20:20:09] sql.INFO: [2.55] select * from information_schema.tables where table_schema = 'myapi' and table_name = 'migrations' [] []
[2024-12-20 20:20:09] sql.INFO: [29.34] create table `migrations` (`id` int unsigned not null auto_increment primary key, `migration` varchar(255) not null, `batch` int not null) default character set utf8mb4 collate 'utf8mb4_unicode_ci' [] []
[2024-12-20 20:20:09] sql.INFO: [0.98] select `migration` from `migrations` order by `batch` asc, `migration` asc [] []
[2024-12-20 20:20:09] sql.INFO: [0.26] select max(`batch`) as aggregate from `migrations` [] []
[2024-12-20 20:20:09] sql.INFO: [23.2] create table `books` (`id` bigint unsigned not null auto_increment primary key, `title` varchar(255) not null, `image` varchar(255) null, `created_at` datetime null, `updated_at` datetime null) default character set utf8mb4 collate 'utf8mb4_unicode_ci' [] []
[2024-12-20 20:20:09] sql.INFO: [1.8] insert into `migrations` (`migration`, `batch`) values ('2024_12_20_201055_create_books_table', '1') [] []
[2024-12-20 20:22:35] sql.INFO: [1.65] SHOW FULL TABLES WHERE table_type = 'BASE TABLE' [] []
[2024-12-20 20:22:35] sql.INFO: [0.7] select `column_key` as `column_key`, `column_name` as `column_name`, `data_type` as `data_type`, `column_comment` as `column_comment`, `extra` as `extra`, `column_type` as `column_type` from information_schema.columns where `table_schema` = 'myapi' and `table_name` = 'books' order by ORDINAL_POSITION [] []
[2024-12-20 20:27:43] sql.INFO: [4.81] insert into `books` (`title`, `image`, `updated_at`, `created_at`) values ('As mentiras que os homens contam', 'https://www.sharebook.com.br/Images/Books/as-mentiras-que-os-homens-contam.jpg', '2024-12-20 20:27:43', '2024-12-20 20:27:43') [] []
[2024-12-20 20:27:43] sql.INFO: [5.53] insert into `books` (`title`, `image`, `updated_at`, `created_at`) values ('Encadernado - O Dia Mais Claro.', 'https://www.sharebook.com.br/Images/Books/encadernado---o-dia-mais-claro.jpeg', '2024-12-20 20:27:43', '2024-12-20 20:27:43') [] []
[2024-12-20 20:27:43] sql.INFO: [2.65] insert into `books` (`title`, `image`, `updated_at`, `created_at`) values ('A arte da guerra', 'https://www.sharebook.com.br/Images/Books/a-arte-da-guerra_copy1.jpeg', '2024-12-20 20:27:43', '2024-12-20 20:27:43') [] []
[2024-12-20 20:27:43] sql.INFO: [1.65] insert into `books` (`title`, `image`, `updated_at`, `created_at`) values ('Elden Ring: o Caminho Para Térvore 01', 'https://www.sharebook.com.br/Images/Books/elden-ring-o-caminho-para-tervore-01.jpeg', '2024-12-20 20:27:43', '2024-12-20 20:27:43') [] []
[2024-12-20 20:27:43] sql.INFO: [1.66] insert into `books` (`title`, `image`, `updated_at`, `created_at`) values ('Código Limpo', 'https://www.sharebook.com.br/Images/Books/codigo-limpo_copy2.jpeg', '2024-12-20 20:27:43', '2024-12-20 20:27:43') [] []
[2024-12-20 20:29:47] sql.INFO: [11.96] insert into `books` (`title`, `image`, `updated_at`, `created_at`) values ('As mentiras que os homens contam', 'https://www.sharebook.com.br/Images/Books/as-mentiras-que-os-homens-contam.jpg', '2024-12-20 20:29:47', '2024-12-20 20:29:47') [] []
[2024-12-20 20:29:47] sql.INFO: [1.9] insert into `books` (`title`, `image`, `updated_at`, `created_at`) values ('Encadernado - O Dia Mais Claro.', 'https://www.sharebook.com.br/Images/Books/encadernado---o-dia-mais-claro.jpeg', '2024-12-20 20:29:47', '2024-12-20 20:29:47') [] []
[2024-12-20 20:29:47] sql.INFO: [2.77] insert into `books` (`title`, `image`, `updated_at`, `created_at`) values ('A arte da guerra', 'https://www.sharebook.com.br/Images/Books/a-arte-da-guerra_copy1.jpeg', '2024-12-20 20:29:47', '2024-12-20 20:29:47') [] []
[2024-12-20 20:29:47] sql.INFO: [1.83] insert into `books` (`title`, `image`, `updated_at`, `created_at`) values ('Elden Ring: o Caminho Para Térvore 01', 'https://www.sharebook.com.br/Images/Books/elden-ring-o-caminho-para-tervore-01.jpeg', '2024-12-20 20:29:47', '2024-12-20 20:29:47') [] []
[2024-12-20 20:29:47] sql.INFO: [1.83] insert into `books` (`title`, `image`, `updated_at`, `created_at`) values ('Código Limpo', 'https://www.sharebook.com.br/Images/Books/codigo-limpo_copy2.jpeg', '2024-12-20 20:29:47', '2024-12-20 20:29:47') [] []
[2024-12-20 20:30:56] sql.INFO: [5.44] insert into `books` (`title`, `image`, `updated_at`, `created_at`) values ('As mentiras que os homens contam', 'https://www.sharebook.com.br/Images/Books/as-mentiras-que-os-homens-contam.jpg', '2024-12-20 20:30:56', '2024-12-20 20:30:56') [] []
[2024-12-20 20:30:56] sql.INFO: [1.8] insert into `books` (`title`, `image`, `updated_at`, `created_at`) values ('Encadernado - O Dia Mais Claro.', 'https://www.sharebook.com.br/Images/Books/encadernado---o-dia-mais-claro.jpeg', '2024-12-20 20:30:56', '2024-12-20 20:30:56') [] []
[2024-12-20 20:30:56] sql.INFO: [1.86] insert into `books` (`title`, `image`, `updated_at`, `created_at`) values ('A arte da guerra', 'https://www.sharebook.com.br/Images/Books/a-arte-da-guerra_copy1.jpeg', '2024-12-20 20:30:56', '2024-12-20 20:30:56') [] []
[2024-12-20 20:30:56] sql.INFO: [2.43] insert into `books` (`title`, `image`, `updated_at`, `created_at`) values ('Elden Ring: o Caminho Para Térvore 01', 'https://www.sharebook.com.br/Images/Books/elden-ring-o-caminho-para-tervore-01.jpeg', '2024-12-20 20:30:56', '2024-12-20 20:30:56') [] []
[2024-12-20 20:30:56] sql.INFO: [1.83] insert into `books` (`title`, `image`, `updated_at`, `created_at`) values ('Código Limpo', 'https://www.sharebook.com.br/Images/Books/codigo-limpo_copy2.jpeg', '2024-12-20 20:30:56', '2024-12-20 20:30:56') [] []
[2024-12-20 20:32:37] sql.INFO: [27.11] truncate `books` [] []
[2024-12-20 20:32:40] sql.INFO: [4.35] insert into `books` (`title`, `image`, `updated_at`, `created_at`) values ('As mentiras que os homens contam', 'https://www.sharebook.com.br/Images/Books/as-mentiras-que-os-homens-contam.jpg', '2024-12-20 20:32:40', '2024-12-20 20:32:40') [] []
[2024-12-20 20:32:41] sql.INFO: [9.95] insert into `books` (`title`, `image`, `updated_at`, `created_at`) values ('Encadernado - O Dia Mais Claro.', 'https://www.sharebook.com.br/Images/Books/encadernado---o-dia-mais-claro.jpeg', '2024-12-20 20:32:40', '2024-12-20 20:32:40') [] []
[2024-12-20 20:32:41] sql.INFO: [2.69] insert into `books` (`title`, `image`, `updated_at`, `created_at`) values ('A arte da guerra', 'https://www.sharebook.com.br/Images/Books/a-arte-da-guerra_copy1.jpeg', '2024-12-20 20:32:41', '2024-12-20 20:32:41') [] []
[2024-12-20 20:32:41] sql.INFO: [1.85] insert into `books` (`title`, `image`, `updated_at`, `created_at`) values ('Elden Ring: o Caminho Para Térvore 01', 'https://www.sharebook.com.br/Images/Books/elden-ring-o-caminho-para-tervore-01.jpeg', '2024-12-20 20:32:41', '2024-12-20 20:32:41') [] []
[2024-12-20 20:32:41] sql.INFO: [1.88] insert into `books` (`title`, `image`, `updated_at`, `created_at`) values ('Código Limpo', 'https://www.sharebook.com.br/Images/Books/codigo-limpo_copy2.jpeg', '2024-12-20 20:32:41', '2024-12-20 20:32:41') [] []
[2024-12-20 20:36:25] sql.INFO: [24.21] truncate `books` [] []
[2024-12-20 20:36:28] sql.INFO: [5.28] insert into `books` (`title`, `image`, `updated_at`, `created_at`) values ('As mentiras que os homens contam', 'https://www.sharebook.com.br/Images/Books/as-mentiras-que-os-homens-contam.jpg', '2024-12-20 20:36:28', '2024-12-20 20:36:28') [] []
[2024-12-20 20:36:28] sql.INFO: [10.63] insert into `books` (`title`, `image`, `updated_at`, `created_at`) values ('Encadernado - O Dia Mais Claro.', 'https://www.sharebook.com.br/Images/Books/encadernado---o-dia-mais-claro.jpeg', '2024-12-20 20:36:28', '2024-12-20 20:36:28') [] []
[2024-12-20 20:36:28] sql.INFO: [10.82] insert into `books` (`title`, `image`, `updated_at`, `created_at`) values ('A arte da guerra', 'https://www.sharebook.com.br/Images/Books/a-arte-da-guerra_copy1.jpeg', '2024-12-20 20:36:28', '2024-12-20 20:36:28') [] []
[2024-12-20 20:36:28] sql.INFO: [1.9] insert into `books` (`title`, `image`, `updated_at`, `created_at`) values ('Elden Ring: o Caminho Para Térvore 01', 'https://www.sharebook.com.br/Images/Books/elden-ring-o-caminho-para-tervore-01.jpeg', '2024-12-20 20:36:28', '2024-12-20 20:36:28') [] []
[2024-12-20 20:36:28] sql.INFO: [1.92] insert into `books` (`title`, `image`, `updated_at`, `created_at`) values ('Código Limpo', 'https://www.sharebook.com.br/Images/Books/codigo-limpo_copy2.jpeg', '2024-12-20 20:36:28', '2024-12-20 20:36:28') [] []
[2024-12-20 20:36:35] sql.INFO: [0.81] select * from `books` where `books`.`id` = '3' limit 1 [] []
[2024-12-20 20:36:35] sql.INFO: [1.96] delete from `books` where `id` = '3' [] []
[2024-12-20 20:44:23] sql.INFO: [23.76] truncate `books` [] []
[2024-12-20 20:44:24] sql.INFO: [3.99] insert into `books` (`title`, `image`, `updated_at`, `created_at`) values ('As mentiras que os homens contam', 'https://www.sharebook.com.br/Images/Books/as-mentiras-que-os-homens-contam.jpg', '2024-12-20 20:44:24', '2024-12-20 20:44:24') [] []
[2024-12-20 20:44:24] sql.INFO: [1.81] insert into `books` (`title`, `image`, `updated_at`, `created_at`) values ('Encadernado - O Dia Mais Claro.', 'https://www.sharebook.com.br/Images/Books/encadernado---o-dia-mais-claro.jpeg', '2024-12-20 20:44:24', '2024-12-20 20:44:24') [] []
[2024-12-20 20:44:24] sql.INFO: [2.65] insert into `books` (`title`, `image`, `updated_at`, `created_at`) values ('A arte da guerra', 'https://www.sharebook.com.br/Images/Books/a-arte-da-guerra_copy1.jpeg', '2024-12-20 20:44:24', '2024-12-20 20:44:24') [] []
[2024-12-20 20:44:24] sql.INFO: [1.8] insert into `books` (`title`, `image`, `updated_at`, `created_at`) values ('Elden Ring: o Caminho Para Térvore 01', 'https://www.sharebook.com.br/Images/Books/elden-ring-o-caminho-para-tervore-01.jpeg', '2024-12-20 20:44:24', '2024-12-20 20:44:24') [] []
[2024-12-20 20:44:24] sql.INFO: [1.72] insert into `books` (`title`, `image`, `updated_at`, `created_at`) values ('Código Limpo', 'https://www.sharebook.com.br/Images/Books/codigo-limpo_copy2.jpeg', '2024-12-20 20:44:24', '2024-12-20 20:44:24') [] []
[2024-12-20 20:44:25] sql.INFO: [0.59] select * from `books` where `books`.`id` = '3' limit 1 [] []
[2024-12-20 20:44:25] sql.INFO: [6.53] delete from `books` where `id` = '3' [] []
